<?xml version="1.0" encoding="UTF-8"?>
<!-- Generated by org.testng.reporters.JUnitReportReporter -->
<testsuite skipped="0" hostname="IBM151-PC0ER348" name="com.ibm.basetest.BaseTest" tests="1" failures="0" timestamp="03 Jan 2019 16:50:41 GMT" time="27.105" errors="0">
  <testcase name="LoginTest" time="27.105" classname="com.ibm.basetest.BaseTest"/>
</testsuite> <!-- com.ibm.basetest.BaseTest -->
